Determining size of __int8 failed with the following output:
Change Dir: /Users/dhorton/beachdog-enterprises/beachdog-networks/git/ssp/deps/mysql-connector-c++-1.1.3/CMakeFiles/CMakeTmp

Run Build Command:/usr/bin/make "cmTryCompileExec/fast"
/usr/bin/make -f CMakeFiles/cmTryCompileExec.dir/build.make CMakeFiles/cmTryCompileExec.dir/build
"/Applications/CMake 2.8-5.app/Contents/bin/cmake" -E cmake_progress_report /Users/dhorton/beachdog-enterprises/beachdog-networks/git/ssp/deps/mysql-connector-c++-1.1.3/CMakeFiles/CMakeTmp/CMakeFiles 1
Building C object CMakeFiles/cmTryCompileExec.dir/HAVE_MS_INT8.c.o
/usr/bin/gcc    -o CMakeFiles/cmTryCompileExec.dir/HAVE_MS_INT8.c.o   -c /Users/dhorton/beachdog-enterprises/beachdog-networks/git/ssp/deps/mysql-connector-c++-1.1.3/CMakeFiles/CheckTypeSize/HAVE_MS_INT8.c
/Users/dhorton/beachdog-enterprises/beachdog-networks/git/ssp/deps/mysql-connector-c++-1.1.3/CMakeFiles/CheckTypeSize/HAVE_MS_INT8.c:19: error: ‘__int8’ undeclared here (not in a function)
make[1]: *** [CMakeFiles/cmTryCompileExec.dir/HAVE_MS_INT8.c.o] Error 1
make: *** [cmTryCompileExec/fast] Error 2

/Users/dhorton/beachdog-enterprises/beachdog-networks/git/ssp/deps/mysql-connector-c++-1.1.3/CMakeFiles/CheckTypeSize/HAVE_MS_INT8.c:
#include <sys/types.h>
#include <stdint.h>
#include <stddef.h>


#undef KEY
#if defined(__i386)
# define KEY '_','_','i','3','8','6'
#elif defined(__x86_64)
# define KEY '_','_','x','8','6','_','6','4'
#elif defined(__ppc__)
# define KEY '_','_','p','p','c','_','_'
#elif defined(__ppc64__)
# define KEY '_','_','p','p','c','6','4','_','_'
#endif

#define SIZE (sizeof(__int8))
char info_size[] =  {'I', 'N', 'F', 'O', ':', 's','i','z','e','[',
  ('0' + ((SIZE / 10000)%10)),
  ('0' + ((SIZE / 1000)%10)),
  ('0' + ((SIZE / 100)%10)),
  ('0' + ((SIZE / 10)%10)),
  ('0' +  (SIZE    % 10)),
  ']',
#ifdef KEY
  ' ','k','e','y','[', KEY, ']',
#endif
  '\0'};

#ifdef __CLASSIC_C__
int main(argc, argv) int argc; char *argv[];
#else
int main(int argc, char *argv[])
#endif
{
  int require = 0;
  require += info_size[argc];
  (void)argv;
  return require;
}


Determining size of unsigned __int8 failed with the following output:
Change Dir: /Users/dhorton/beachdog-enterprises/beachdog-networks/git/ssp/deps/mysql-connector-c++-1.1.3/CMakeFiles/CMakeTmp

Run Build Command:/usr/bin/make "cmTryCompileExec/fast"
/usr/bin/make -f CMakeFiles/cmTryCompileExec.dir/build.make CMakeFiles/cmTryCompileExec.dir/build
"/Applications/CMake 2.8-5.app/Contents/bin/cmake" -E cmake_progress_report /Users/dhorton/beachdog-enterprises/beachdog-networks/git/ssp/deps/mysql-connector-c++-1.1.3/CMakeFiles/CMakeTmp/CMakeFiles 1
Building C object CMakeFiles/cmTryCompileExec.dir/HAVE_MS_UINT8.c.o
/usr/bin/gcc    -o CMakeFiles/cmTryCompileExec.dir/HAVE_MS_UINT8.c.o   -c /Users/dhorton/beachdog-enterprises/beachdog-networks/git/ssp/deps/mysql-connector-c++-1.1.3/CMakeFiles/CheckTypeSize/HAVE_MS_UINT8.c
/Users/dhorton/beachdog-enterprises/beachdog-networks/git/ssp/deps/mysql-connector-c++-1.1.3/CMakeFiles/CheckTypeSize/HAVE_MS_UINT8.c:19: error: expected ‘)’ before ‘__int8’
/Users/dhorton/beachdog-enterprises/beachdog-networks/git/ssp/deps/mysql-connector-c++-1.1.3/CMakeFiles/CheckTypeSize/HAVE_MS_UINT8.c:20: error: expected ‘)’ before ‘__int8’
/Users/dhorton/beachdog-enterprises/beachdog-networks/git/ssp/deps/mysql-connector-c++-1.1.3/CMakeFiles/CheckTypeSize/HAVE_MS_UINT8.c:21: error: expected ‘)’ before ‘__int8’
/Users/dhorton/beachdog-enterprises/beachdog-networks/git/ssp/deps/mysql-connector-c++-1.1.3/CMakeFiles/CheckTypeSize/HAVE_MS_UINT8.c:22: error: expected ‘)’ before ‘__int8’
/Users/dhorton/beachdog-enterprises/beachdog-networks/git/ssp/deps/mysql-connector-c++-1.1.3/CMakeFiles/CheckTypeSize/HAVE_MS_UINT8.c:23: error: expected ‘)’ before ‘__int8’
make[1]: *** [CMakeFiles/cmTryCompileExec.dir/HAVE_MS_UINT8.c.o] Error 1
make: *** [cmTryCompileExec/fast] Error 2

/Users/dhorton/beachdog-enterprises/beachdog-networks/git/ssp/deps/mysql-connector-c++-1.1.3/CMakeFiles/CheckTypeSize/HAVE_MS_UINT8.c:
#include <sys/types.h>
#include <stdint.h>
#include <stddef.h>


#undef KEY
#if defined(__i386)
# define KEY '_','_','i','3','8','6'
#elif defined(__x86_64)
# define KEY '_','_','x','8','6','_','6','4'
#elif defined(__ppc__)
# define KEY '_','_','p','p','c','_','_'
#elif defined(__ppc64__)
# define KEY '_','_','p','p','c','6','4','_','_'
#endif

#define SIZE (sizeof(unsigned __int8))
char info_size[] =  {'I', 'N', 'F', 'O', ':', 's','i','z','e','[',
  ('0' + ((SIZE / 10000)%10)),
  ('0' + ((SIZE / 1000)%10)),
  ('0' + ((SIZE / 100)%10)),
  ('0' + ((SIZE / 10)%10)),
  ('0' +  (SIZE    % 10)),
  ']',
#ifdef KEY
  ' ','k','e','y','[', KEY, ']',
#endif
  '\0'};

#ifdef __CLASSIC_C__
int main(argc, argv) int argc; char *argv[];
#else
int main(int argc, char *argv[])
#endif
{
  int require = 0;
  require += info_size[argc];
  (void)argv;
  return require;
}


Determining size of __int16 failed with the following output:
Change Dir: /Users/dhorton/beachdog-enterprises/beachdog-networks/git/ssp/deps/mysql-connector-c++-1.1.3/CMakeFiles/CMakeTmp

Run Build Command:/usr/bin/make "cmTryCompileExec/fast"
/usr/bin/make -f CMakeFiles/cmTryCompileExec.dir/build.make CMakeFiles/cmTryCompileExec.dir/build
"/Applications/CMake 2.8-5.app/Contents/bin/cmake" -E cmake_progress_report /Users/dhorton/beachdog-enterprises/beachdog-networks/git/ssp/deps/mysql-connector-c++-1.1.3/CMakeFiles/CMakeTmp/CMakeFiles 1
Building C object CMakeFiles/cmTryCompileExec.dir/HAVE_MS_INT16.c.o
/usr/bin/gcc    -o CMakeFiles/cmTryCompileExec.dir/HAVE_MS_INT16.c.o   -c /Users/dhorton/beachdog-enterprises/beachdog-networks/git/ssp/deps/mysql-connector-c++-1.1.3/CMakeFiles/CheckTypeSize/HAVE_MS_INT16.c
/Users/dhorton/beachdog-enterprises/beachdog-networks/git/ssp/deps/mysql-connector-c++-1.1.3/CMakeFiles/CheckTypeSize/HAVE_MS_INT16.c:19: error: ‘__int16’ undeclared here (not in a function)
make[1]: *** [CMakeFiles/cmTryCompileExec.dir/HAVE_MS_INT16.c.o] Error 1
make: *** [cmTryCompileExec/fast] Error 2

/Users/dhorton/beachdog-enterprises/beachdog-networks/git/ssp/deps/mysql-connector-c++-1.1.3/CMakeFiles/CheckTypeSize/HAVE_MS_INT16.c:
#include <sys/types.h>
#include <stdint.h>
#include <stddef.h>


#undef KEY
#if defined(__i386)
# define KEY '_','_','i','3','8','6'
#elif defined(__x86_64)
# define KEY '_','_','x','8','6','_','6','4'
#elif defined(__ppc__)
# define KEY '_','_','p','p','c','_','_'
#elif defined(__ppc64__)
# define KEY '_','_','p','p','c','6','4','_','_'
#endif

#define SIZE (sizeof(__int16))
char info_size[] =  {'I', 'N', 'F', 'O', ':', 's','i','z','e','[',
  ('0' + ((SIZE / 10000)%10)),
  ('0' + ((SIZE / 1000)%10)),
  ('0' + ((SIZE / 100)%10)),
  ('0' + ((SIZE / 10)%10)),
  ('0' +  (SIZE    % 10)),
  ']',
#ifdef KEY
  ' ','k','e','y','[', KEY, ']',
#endif
  '\0'};

#ifdef __CLASSIC_C__
int main(argc, argv) int argc; char *argv[];
#else
int main(int argc, char *argv[])
#endif
{
  int require = 0;
  require += info_size[argc];
  (void)argv;
  return require;
}


Determining size of unsigned __int16 failed with the following output:
Change Dir: /Users/dhorton/beachdog-enterprises/beachdog-networks/git/ssp/deps/mysql-connector-c++-1.1.3/CMakeFiles/CMakeTmp

Run Build Command:/usr/bin/make "cmTryCompileExec/fast"
/usr/bin/make -f CMakeFiles/cmTryCompileExec.dir/build.make CMakeFiles/cmTryCompileExec.dir/build
"/Applications/CMake 2.8-5.app/Contents/bin/cmake" -E cmake_progress_report /Users/dhorton/beachdog-enterprises/beachdog-networks/git/ssp/deps/mysql-connector-c++-1.1.3/CMakeFiles/CMakeTmp/CMakeFiles 1
Building C object CMakeFiles/cmTryCompileExec.dir/HAVE_MS_UINT16.c.o
/usr/bin/gcc    -o CMakeFiles/cmTryCompileExec.dir/HAVE_MS_UINT16.c.o   -c /Users/dhorton/beachdog-enterprises/beachdog-networks/git/ssp/deps/mysql-connector-c++-1.1.3/CMakeFiles/CheckTypeSize/HAVE_MS_UINT16.c
/Users/dhorton/beachdog-enterprises/beachdog-networks/git/ssp/deps/mysql-connector-c++-1.1.3/CMakeFiles/CheckTypeSize/HAVE_MS_UINT16.c:19: error: expected ‘)’ before ‘__int16’
/Users/dhorton/beachdog-enterprises/beachdog-networks/git/ssp/deps/mysql-connector-c++-1.1.3/CMakeFiles/CheckTypeSize/HAVE_MS_UINT16.c:20: error: expected ‘)’ before ‘__int16’
/Users/dhorton/beachdog-enterprises/beachdog-networks/git/ssp/deps/mysql-connector-c++-1.1.3/CMakeFiles/CheckTypeSize/HAVE_MS_UINT16.c:21: error: expected ‘)’ before ‘__int16’
/Users/dhorton/beachdog-enterprises/beachdog-networks/git/ssp/deps/mysql-connector-c++-1.1.3/CMakeFiles/CheckTypeSize/HAVE_MS_UINT16.c:22: error: expected ‘)’ before ‘__int16’
/Users/dhorton/beachdog-enterprises/beachdog-networks/git/ssp/deps/mysql-connector-c++-1.1.3/CMakeFiles/CheckTypeSize/HAVE_MS_UINT16.c:23: error: expected ‘)’ before ‘__int16’
make[1]: *** [CMakeFiles/cmTryCompileExec.dir/HAVE_MS_UINT16.c.o] Error 1
make: *** [cmTryCompileExec/fast] Error 2

/Users/dhorton/beachdog-enterprises/beachdog-networks/git/ssp/deps/mysql-connector-c++-1.1.3/CMakeFiles/CheckTypeSize/HAVE_MS_UINT16.c:
#include <sys/types.h>
#include <stdint.h>
#include <stddef.h>


#undef KEY
#if defined(__i386)
# define KEY '_','_','i','3','8','6'
#elif defined(__x86_64)
# define KEY '_','_','x','8','6','_','6','4'
#elif defined(__ppc__)
# define KEY '_','_','p','p','c','_','_'
#elif defined(__ppc64__)
# define KEY '_','_','p','p','c','6','4','_','_'
#endif

#define SIZE (sizeof(unsigned __int16))
char info_size[] =  {'I', 'N', 'F', 'O', ':', 's','i','z','e','[',
  ('0' + ((SIZE / 10000)%10)),
  ('0' + ((SIZE / 1000)%10)),
  ('0' + ((SIZE / 100)%10)),
  ('0' + ((SIZE / 10)%10)),
  ('0' +  (SIZE    % 10)),
  ']',
#ifdef KEY
  ' ','k','e','y','[', KEY, ']',
#endif
  '\0'};

#ifdef __CLASSIC_C__
int main(argc, argv) int argc; char *argv[];
#else
int main(int argc, char *argv[])
#endif
{
  int require = 0;
  require += info_size[argc];
  (void)argv;
  return require;
}


Determining size of __int32 failed with the following output:
Change Dir: /Users/dhorton/beachdog-enterprises/beachdog-networks/git/ssp/deps/mysql-connector-c++-1.1.3/CMakeFiles/CMakeTmp

Run Build Command:/usr/bin/make "cmTryCompileExec/fast"
/usr/bin/make -f CMakeFiles/cmTryCompileExec.dir/build.make CMakeFiles/cmTryCompileExec.dir/build
"/Applications/CMake 2.8-5.app/Contents/bin/cmake" -E cmake_progress_report /Users/dhorton/beachdog-enterprises/beachdog-networks/git/ssp/deps/mysql-connector-c++-1.1.3/CMakeFiles/CMakeTmp/CMakeFiles 1
Building C object CMakeFiles/cmTryCompileExec.dir/HAVE_MS_INT32.c.o
/usr/bin/gcc    -o CMakeFiles/cmTryCompileExec.dir/HAVE_MS_INT32.c.o   -c /Users/dhorton/beachdog-enterprises/beachdog-networks/git/ssp/deps/mysql-connector-c++-1.1.3/CMakeFiles/CheckTypeSize/HAVE_MS_INT32.c
/Users/dhorton/beachdog-enterprises/beachdog-networks/git/ssp/deps/mysql-connector-c++-1.1.3/CMakeFiles/CheckTypeSize/HAVE_MS_INT32.c:19: error: ‘__int32’ undeclared here (not in a function)
make[1]: *** [CMakeFiles/cmTryCompileExec.dir/HAVE_MS_INT32.c.o] Error 1
make: *** [cmTryCompileExec/fast] Error 2

/Users/dhorton/beachdog-enterprises/beachdog-networks/git/ssp/deps/mysql-connector-c++-1.1.3/CMakeFiles/CheckTypeSize/HAVE_MS_INT32.c:
#include <sys/types.h>
#include <stdint.h>
#include <stddef.h>


#undef KEY
#if defined(__i386)
# define KEY '_','_','i','3','8','6'
#elif defined(__x86_64)
# define KEY '_','_','x','8','6','_','6','4'
#elif defined(__ppc__)
# define KEY '_','_','p','p','c','_','_'
#elif defined(__ppc64__)
# define KEY '_','_','p','p','c','6','4','_','_'
#endif

#define SIZE (sizeof(__int32))
char info_size[] =  {'I', 'N', 'F', 'O', ':', 's','i','z','e','[',
  ('0' + ((SIZE / 10000)%10)),
  ('0' + ((SIZE / 1000)%10)),
  ('0' + ((SIZE / 100)%10)),
  ('0' + ((SIZE / 10)%10)),
  ('0' +  (SIZE    % 10)),
  ']',
#ifdef KEY
  ' ','k','e','y','[', KEY, ']',
#endif
  '\0'};

#ifdef __CLASSIC_C__
int main(argc, argv) int argc; char *argv[];
#else
int main(int argc, char *argv[])
#endif
{
  int require = 0;
  require += info_size[argc];
  (void)argv;
  return require;
}


Determining size of unsigned __int32 failed with the following output:
Change Dir: /Users/dhorton/beachdog-enterprises/beachdog-networks/git/ssp/deps/mysql-connector-c++-1.1.3/CMakeFiles/CMakeTmp

Run Build Command:/usr/bin/make "cmTryCompileExec/fast"
/usr/bin/make -f CMakeFiles/cmTryCompileExec.dir/build.make CMakeFiles/cmTryCompileExec.dir/build
"/Applications/CMake 2.8-5.app/Contents/bin/cmake" -E cmake_progress_report /Users/dhorton/beachdog-enterprises/beachdog-networks/git/ssp/deps/mysql-connector-c++-1.1.3/CMakeFiles/CMakeTmp/CMakeFiles 1
Building C object CMakeFiles/cmTryCompileExec.dir/HAVE_MS_UINT32.c.o
/usr/bin/gcc    -o CMakeFiles/cmTryCompileExec.dir/HAVE_MS_UINT32.c.o   -c /Users/dhorton/beachdog-enterprises/beachdog-networks/git/ssp/deps/mysql-connector-c++-1.1.3/CMakeFiles/CheckTypeSize/HAVE_MS_UINT32.c
/Users/dhorton/beachdog-enterprises/beachdog-networks/git/ssp/deps/mysql-connector-c++-1.1.3/CMakeFiles/CheckTypeSize/HAVE_MS_UINT32.c:19: error: expected ‘)’ before ‘__int32’
/Users/dhorton/beachdog-enterprises/beachdog-networks/git/ssp/deps/mysql-connector-c++-1.1.3/CMakeFiles/CheckTypeSize/HAVE_MS_UINT32.c:20: error: expected ‘)’ before ‘__int32’
/Users/dhorton/beachdog-enterprises/beachdog-networks/git/ssp/deps/mysql-connector-c++-1.1.3/CMakeFiles/CheckTypeSize/HAVE_MS_UINT32.c:21: error: expected ‘)’ before ‘__int32’
/Users/dhorton/beachdog-enterprises/beachdog-networks/git/ssp/deps/mysql-connector-c++-1.1.3/CMakeFiles/CheckTypeSize/HAVE_MS_UINT32.c:22: error: expected ‘)’ before ‘__int32’
/Users/dhorton/beachdog-enterprises/beachdog-networks/git/ssp/deps/mysql-connector-c++-1.1.3/CMakeFiles/CheckTypeSize/HAVE_MS_UINT32.c:23: error: expected ‘)’ before ‘__int32’
make[1]: *** [CMakeFiles/cmTryCompileExec.dir/HAVE_MS_UINT32.c.o] Error 1
make: *** [cmTryCompileExec/fast] Error 2

/Users/dhorton/beachdog-enterprises/beachdog-networks/git/ssp/deps/mysql-connector-c++-1.1.3/CMakeFiles/CheckTypeSize/HAVE_MS_UINT32.c:
#include <sys/types.h>
#include <stdint.h>
#include <stddef.h>


#undef KEY
#if defined(__i386)
# define KEY '_','_','i','3','8','6'
#elif defined(__x86_64)
# define KEY '_','_','x','8','6','_','6','4'
#elif defined(__ppc__)
# define KEY '_','_','p','p','c','_','_'
#elif defined(__ppc64__)
# define KEY '_','_','p','p','c','6','4','_','_'
#endif

#define SIZE (sizeof(unsigned __int32))
char info_size[] =  {'I', 'N', 'F', 'O', ':', 's','i','z','e','[',
  ('0' + ((SIZE / 10000)%10)),
  ('0' + ((SIZE / 1000)%10)),
  ('0' + ((SIZE / 100)%10)),
  ('0' + ((SIZE / 10)%10)),
  ('0' +  (SIZE    % 10)),
  ']',
#ifdef KEY
  ' ','k','e','y','[', KEY, ']',
#endif
  '\0'};

#ifdef __CLASSIC_C__
int main(argc, argv) int argc; char *argv[];
#else
int main(int argc, char *argv[])
#endif
{
  int require = 0;
  require += info_size[argc];
  (void)argv;
  return require;
}


Determining size of __int64 failed with the following output:
Change Dir: /Users/dhorton/beachdog-enterprises/beachdog-networks/git/ssp/deps/mysql-connector-c++-1.1.3/CMakeFiles/CMakeTmp

Run Build Command:/usr/bin/make "cmTryCompileExec/fast"
/usr/bin/make -f CMakeFiles/cmTryCompileExec.dir/build.make CMakeFiles/cmTryCompileExec.dir/build
"/Applications/CMake 2.8-5.app/Contents/bin/cmake" -E cmake_progress_report /Users/dhorton/beachdog-enterprises/beachdog-networks/git/ssp/deps/mysql-connector-c++-1.1.3/CMakeFiles/CMakeTmp/CMakeFiles 1
Building C object CMakeFiles/cmTryCompileExec.dir/HAVE_MS_INT64.c.o
/usr/bin/gcc    -o CMakeFiles/cmTryCompileExec.dir/HAVE_MS_INT64.c.o   -c /Users/dhorton/beachdog-enterprises/beachdog-networks/git/ssp/deps/mysql-connector-c++-1.1.3/CMakeFiles/CheckTypeSize/HAVE_MS_INT64.c
/Users/dhorton/beachdog-enterprises/beachdog-networks/git/ssp/deps/mysql-connector-c++-1.1.3/CMakeFiles/CheckTypeSize/HAVE_MS_INT64.c:19: error: ‘__int64’ undeclared here (not in a function)
make[1]: *** [CMakeFiles/cmTryCompileExec.dir/HAVE_MS_INT64.c.o] Error 1
make: *** [cmTryCompileExec/fast] Error 2

/Users/dhorton/beachdog-enterprises/beachdog-networks/git/ssp/deps/mysql-connector-c++-1.1.3/CMakeFiles/CheckTypeSize/HAVE_MS_INT64.c:
#include <sys/types.h>
#include <stdint.h>
#include <stddef.h>


#undef KEY
#if defined(__i386)
# define KEY '_','_','i','3','8','6'
#elif defined(__x86_64)
# define KEY '_','_','x','8','6','_','6','4'
#elif defined(__ppc__)
# define KEY '_','_','p','p','c','_','_'
#elif defined(__ppc64__)
# define KEY '_','_','p','p','c','6','4','_','_'
#endif

#define SIZE (sizeof(__int64))
char info_size[] =  {'I', 'N', 'F', 'O', ':', 's','i','z','e','[',
  ('0' + ((SIZE / 10000)%10)),
  ('0' + ((SIZE / 1000)%10)),
  ('0' + ((SIZE / 100)%10)),
  ('0' + ((SIZE / 10)%10)),
  ('0' +  (SIZE    % 10)),
  ']',
#ifdef KEY
  ' ','k','e','y','[', KEY, ']',
#endif
  '\0'};

#ifdef __CLASSIC_C__
int main(argc, argv) int argc; char *argv[];
#else
int main(int argc, char *argv[])
#endif
{
  int require = 0;
  require += info_size[argc];
  (void)argv;
  return require;
}


Determining size of unsigned __int64 failed with the following output:
Change Dir: /Users/dhorton/beachdog-enterprises/beachdog-networks/git/ssp/deps/mysql-connector-c++-1.1.3/CMakeFiles/CMakeTmp

Run Build Command:/usr/bin/make "cmTryCompileExec/fast"
/usr/bin/make -f CMakeFiles/cmTryCompileExec.dir/build.make CMakeFiles/cmTryCompileExec.dir/build
"/Applications/CMake 2.8-5.app/Contents/bin/cmake" -E cmake_progress_report /Users/dhorton/beachdog-enterprises/beachdog-networks/git/ssp/deps/mysql-connector-c++-1.1.3/CMakeFiles/CMakeTmp/CMakeFiles 1
Building C object CMakeFiles/cmTryCompileExec.dir/HAVE_MS_UINT64.c.o
/usr/bin/gcc    -o CMakeFiles/cmTryCompileExec.dir/HAVE_MS_UINT64.c.o   -c /Users/dhorton/beachdog-enterprises/beachdog-networks/git/ssp/deps/mysql-connector-c++-1.1.3/CMakeFiles/CheckTypeSize/HAVE_MS_UINT64.c
/Users/dhorton/beachdog-enterprises/beachdog-networks/git/ssp/deps/mysql-connector-c++-1.1.3/CMakeFiles/CheckTypeSize/HAVE_MS_UINT64.c:19: error: expected ‘)’ before ‘__int64’
/Users/dhorton/beachdog-enterprises/beachdog-networks/git/ssp/deps/mysql-connector-c++-1.1.3/CMakeFiles/CheckTypeSize/HAVE_MS_UINT64.c:20: error: expected ‘)’ before ‘__int64’
/Users/dhorton/beachdog-enterprises/beachdog-networks/git/ssp/deps/mysql-connector-c++-1.1.3/CMakeFiles/CheckTypeSize/HAVE_MS_UINT64.c:21: error: expected ‘)’ before ‘__int64’
/Users/dhorton/beachdog-enterprises/beachdog-networks/git/ssp/deps/mysql-connector-c++-1.1.3/CMakeFiles/CheckTypeSize/HAVE_MS_UINT64.c:22: error: expected ‘)’ before ‘__int64’
/Users/dhorton/beachdog-enterprises/beachdog-networks/git/ssp/deps/mysql-connector-c++-1.1.3/CMakeFiles/CheckTypeSize/HAVE_MS_UINT64.c:23: error: expected ‘)’ before ‘__int64’
make[1]: *** [CMakeFiles/cmTryCompileExec.dir/HAVE_MS_UINT64.c.o] Error 1
make: *** [cmTryCompileExec/fast] Error 2

/Users/dhorton/beachdog-enterprises/beachdog-networks/git/ssp/deps/mysql-connector-c++-1.1.3/CMakeFiles/CheckTypeSize/HAVE_MS_UINT64.c:
#include <sys/types.h>
#include <stdint.h>
#include <stddef.h>


#undef KEY
#if defined(__i386)
# define KEY '_','_','i','3','8','6'
#elif defined(__x86_64)
# define KEY '_','_','x','8','6','_','6','4'
#elif defined(__ppc__)
# define KEY '_','_','p','p','c','_','_'
#elif defined(__ppc64__)
# define KEY '_','_','p','p','c','6','4','_','_'
#endif

#define SIZE (sizeof(unsigned __int64))
char info_size[] =  {'I', 'N', 'F', 'O', ':', 's','i','z','e','[',
  ('0' + ((SIZE / 10000)%10)),
  ('0' + ((SIZE / 1000)%10)),
  ('0' + ((SIZE / 100)%10)),
  ('0' + ((SIZE / 10)%10)),
  ('0' +  (SIZE    % 10)),
  ']',
#ifdef KEY
  ' ','k','e','y','[', KEY, ']',
#endif
  '\0'};

#ifdef __CLASSIC_C__
int main(argc, argv) int argc; char *argv[];
#else
int main(int argc, char *argv[])
#endif
{
  int require = 0;
  require += info_size[argc];
  (void)argv;
  return require;
}


Determining size of __int8 failed with the following output:
Change Dir: /Users/dhorton/beachdog-enterprises/beachdog-networks/git/ssp/deps/mysql-connector-c++-1.1.3/CMakeFiles/CMakeTmp

Run Build Command:/usr/bin/make "cmTryCompileExec/fast"
/Applications/Xcode.app/Contents/Developer/usr/bin/make -f CMakeFiles/cmTryCompileExec.dir/build.make CMakeFiles/cmTryCompileExec.dir/build
"/Applications/CMake 2.8-5.app/Contents/bin/cmake" -E cmake_progress_report /Users/dhorton/beachdog-enterprises/beachdog-networks/git/ssp/deps/mysql-connector-c++-1.1.3/CMakeFiles/CMakeTmp/CMakeFiles 1
Building C object CMakeFiles/cmTryCompileExec.dir/HAVE_MS_INT8.c.o
/usr/bin/gcc    -o CMakeFiles/cmTryCompileExec.dir/HAVE_MS_INT8.c.o   -c /Users/dhorton/beachdog-enterprises/beachdog-networks/git/ssp/deps/mysql-connector-c++-1.1.3/CMakeFiles/CheckTypeSize/HAVE_MS_INT8.c
/Users/dhorton/beachdog-enterprises/beachdog-networks/git/ssp/deps/mysql-connector-c++-1.1.3/CMakeFiles/CheckTypeSize/HAVE_MS_INT8.c:19:12: error: use of undeclared identifier '__int8'
  ('0' + ((SIZE / 10000)%10)),
           ^
/Users/dhorton/beachdog-enterprises/beachdog-networks/git/ssp/deps/mysql-connector-c++-1.1.3/CMakeFiles/CheckTypeSize/HAVE_MS_INT8.c:17:22: note: expanded from macro 'SIZE'
#define SIZE (sizeof(__int8))
                     ^
/Users/dhorton/beachdog-enterprises/beachdog-networks/git/ssp/deps/mysql-connector-c++-1.1.3/CMakeFiles/CheckTypeSize/HAVE_MS_INT8.c:20:12: error: use of undeclared identifier '__int8'
  ('0' + ((SIZE / 1000)%10)),
           ^
/Users/dhorton/beachdog-enterprises/beachdog-networks/git/ssp/deps/mysql-connector-c++-1.1.3/CMakeFiles/CheckTypeSize/HAVE_MS_INT8.c:17:22: note: expanded from macro 'SIZE'
#define SIZE (sizeof(__int8))
                     ^
/Users/dhorton/beachdog-enterprises/beachdog-networks/git/ssp/deps/mysql-connector-c++-1.1.3/CMakeFiles/CheckTypeSize/HAVE_MS_INT8.c:21:12: error: use of undeclared identifier '__int8'
  ('0' + ((SIZE / 100)%10)),
           ^
/Users/dhorton/beachdog-enterprises/beachdog-networks/git/ssp/deps/mysql-connector-c++-1.1.3/CMakeFiles/CheckTypeSize/HAVE_MS_INT8.c:17:22: note: expanded from macro 'SIZE'
#define SIZE (sizeof(__int8))
                     ^
/Users/dhorton/beachdog-enterprises/beachdog-networks/git/ssp/deps/mysql-connector-c++-1.1.3/CMakeFiles/CheckTypeSize/HAVE_MS_INT8.c:22:12: error: use of undeclared identifier '__int8'
  ('0' + ((SIZE / 10)%10)),
           ^
/Users/dhorton/beachdog-enterprises/beachdog-networks/git/ssp/deps/mysql-connector-c++-1.1.3/CMakeFiles/CheckTypeSize/HAVE_MS_INT8.c:17:22: note: expanded from macro 'SIZE'
#define SIZE (sizeof(__int8))
                     ^
/Users/dhorton/beachdog-enterprises/beachdog-networks/git/ssp/deps/mysql-connector-c++-1.1.3/CMakeFiles/CheckTypeSize/HAVE_MS_INT8.c:23:12: error: use of undeclared identifier '__int8'
  ('0' +  (SIZE    % 10)),
           ^
/Users/dhorton/beachdog-enterprises/beachdog-networks/git/ssp/deps/mysql-connector-c++-1.1.3/CMakeFiles/CheckTypeSize/HAVE_MS_INT8.c:17:22: note: expanded from macro 'SIZE'
#define SIZE (sizeof(__int8))
                     ^
5 errors generated.
make[1]: *** [CMakeFiles/cmTryCompileExec.dir/HAVE_MS_INT8.c.o] Error 1
make: *** [cmTryCompileExec/fast] Error 2

/Users/dhorton/beachdog-enterprises/beachdog-networks/git/ssp/deps/mysql-connector-c++-1.1.3/CMakeFiles/CheckTypeSize/HAVE_MS_INT8.c:
#include <sys/types.h>
#include <stdint.h>
#include <stddef.h>


#undef KEY
#if defined(__i386)
# define KEY '_','_','i','3','8','6'
#elif defined(__x86_64)
# define KEY '_','_','x','8','6','_','6','4'
#elif defined(__ppc__)
# define KEY '_','_','p','p','c','_','_'
#elif defined(__ppc64__)
# define KEY '_','_','p','p','c','6','4','_','_'
#endif

#define SIZE (sizeof(__int8))
char info_size[] =  {'I', 'N', 'F', 'O', ':', 's','i','z','e','[',
  ('0' + ((SIZE / 10000)%10)),
  ('0' + ((SIZE / 1000)%10)),
  ('0' + ((SIZE / 100)%10)),
  ('0' + ((SIZE / 10)%10)),
  ('0' +  (SIZE    % 10)),
  ']',
#ifdef KEY
  ' ','k','e','y','[', KEY, ']',
#endif
  '\0'};

#ifdef __CLASSIC_C__
int main(argc, argv) int argc; char *argv[];
#else
int main(int argc, char *argv[])
#endif
{
  int require = 0;
  require += info_size[argc];
  (void)argv;
  return require;
}


Determining size of unsigned __int8 failed with the following output:
Change Dir: /Users/dhorton/beachdog-enterprises/beachdog-networks/git/ssp/deps/mysql-connector-c++-1.1.3/CMakeFiles/CMakeTmp

Run Build Command:/usr/bin/make "cmTryCompileExec/fast"
/Applications/Xcode.app/Contents/Developer/usr/bin/make -f CMakeFiles/cmTryCompileExec.dir/build.make CMakeFiles/cmTryCompileExec.dir/build
"/Applications/CMake 2.8-5.app/Contents/bin/cmake" -E cmake_progress_report /Users/dhorton/beachdog-enterprises/beachdog-networks/git/ssp/deps/mysql-connector-c++-1.1.3/CMakeFiles/CMakeTmp/CMakeFiles 1
Building C object CMakeFiles/cmTryCompileExec.dir/HAVE_MS_UINT8.c.o
/usr/bin/gcc    -o CMakeFiles/cmTryCompileExec.dir/HAVE_MS_UINT8.c.o   -c /Users/dhorton/beachdog-enterprises/beachdog-networks/git/ssp/deps/mysql-connector-c++-1.1.3/CMakeFiles/CheckTypeSize/HAVE_MS_UINT8.c
/Users/dhorton/beachdog-enterprises/beachdog-networks/git/ssp/deps/mysql-connector-c++-1.1.3/CMakeFiles/CheckTypeSize/HAVE_MS_UINT8.c:19:12: error: expected ')'
  ('0' + ((SIZE / 10000)%10)),
           ^
/Users/dhorton/beachdog-enterprises/beachdog-networks/git/ssp/deps/mysql-connector-c++-1.1.3/CMakeFiles/CheckTypeSize/HAVE_MS_UINT8.c:17:31: note: expanded from macro 'SIZE'
#define SIZE (sizeof(unsigned __int8))
                              ^
/Users/dhorton/beachdog-enterprises/beachdog-networks/git/ssp/deps/mysql-connector-c++-1.1.3/CMakeFiles/CheckTypeSize/HAVE_MS_UINT8.c:19:12: note: to match this '('
/Users/dhorton/beachdog-enterprises/beachdog-networks/git/ssp/deps/mysql-connector-c++-1.1.3/CMakeFiles/CheckTypeSize/HAVE_MS_UINT8.c:17:21: note: expanded from macro 'SIZE'
#define SIZE (sizeof(unsigned __int8))
                    ^
/Users/dhorton/beachdog-enterprises/beachdog-networks/git/ssp/deps/mysql-connector-c++-1.1.3/CMakeFiles/CheckTypeSize/HAVE_MS_UINT8.c:20:12: error: expected ')'
  ('0' + ((SIZE / 1000)%10)),
           ^
/Users/dhorton/beachdog-enterprises/beachdog-networks/git/ssp/deps/mysql-connector-c++-1.1.3/CMakeFiles/CheckTypeSize/HAVE_MS_UINT8.c:17:31: note: expanded from macro 'SIZE'
#define SIZE (sizeof(unsigned __int8))
                              ^
/Users/dhorton/beachdog-enterprises/beachdog-networks/git/ssp/deps/mysql-connector-c++-1.1.3/CMakeFiles/CheckTypeSize/HAVE_MS_UINT8.c:20:12: note: to match this '('
/Users/dhorton/beachdog-enterprises/beachdog-networks/git/ssp/deps/mysql-connector-c++-1.1.3/CMakeFiles/CheckTypeSize/HAVE_MS_UINT8.c:17:21: note: expanded from macro 'SIZE'
#define SIZE (sizeof(unsigned __int8))
                    ^
/Users/dhorton/beachdog-enterprises/beachdog-networks/git/ssp/deps/mysql-connector-c++-1.1.3/CMakeFiles/CheckTypeSize/HAVE_MS_UINT8.c:21:12: error: expected ')'
  ('0' + ((SIZE / 100)%10)),
           ^
/Users/dhorton/beachdog-enterprises/beachdog-networks/git/ssp/deps/mysql-connector-c++-1.1.3/CMakeFiles/CheckTypeSize/HAVE_MS_UINT8.c:17:31: note: expanded from macro 'SIZE'
#define SIZE (sizeof(unsigned __int8))
                              ^
/Users/dhorton/beachdog-enterprises/beachdog-networks/git/ssp/deps/mysql-connector-c++-1.1.3/CMakeFiles/CheckTypeSize/HAVE_MS_UINT8.c:21:12: note: to match this '('
/Users/dhorton/beachdog-enterprises/beachdog-networks/git/ssp/deps/mysql-connector-c++-1.1.3/CMakeFiles/CheckTypeSize/HAVE_MS_UINT8.c:17:21: note: expanded from macro 'SIZE'
#define SIZE (sizeof(unsigned __int8))
                    ^
/Users/dhorton/beachdog-enterprises/beachdog-networks/git/ssp/deps/mysql-connector-c++-1.1.3/CMakeFiles/CheckTypeSize/HAVE_MS_UINT8.c:22:12: error: expected ')'
  ('0' + ((SIZE / 10)%10)),
           ^
/Users/dhorton/beachdog-enterprises/beachdog-networks/git/ssp/deps/mysql-connector-c++-1.1.3/CMakeFiles/CheckTypeSize/HAVE_MS_UINT8.c:17:31: note: expanded from macro 'SIZE'
#define SIZE (sizeof(unsigned __int8))
                              ^
/Users/dhorton/beachdog-enterprises/beachdog-networks/git/ssp/deps/mysql-connector-c++-1.1.3/CMakeFiles/CheckTypeSize/HAVE_MS_UINT8.c:22:12: note: to match this '('
/Users/dhorton/beachdog-enterprises/beachdog-networks/git/ssp/deps/mysql-connector-c++-1.1.3/CMakeFiles/CheckTypeSize/HAVE_MS_UINT8.c:17:21: note: expanded from macro 'SIZE'
#define SIZE (sizeof(unsigned __int8))
                    ^
/Users/dhorton/beachdog-enterprises/beachdog-networks/git/ssp/deps/mysql-connector-c++-1.1.3/CMakeFiles/CheckTypeSize/HAVE_MS_UINT8.c:23:12: error: expected ')'
  ('0' +  (SIZE    % 10)),
           ^
/Users/dhorton/beachdog-enterprises/beachdog-networks/git/ssp/deps/mysql-connector-c++-1.1.3/CMakeFiles/CheckTypeSize/HAVE_MS_UINT8.c:17:31: note: expanded from macro 'SIZE'
#define SIZE (sizeof(unsigned __int8))
                              ^
/Users/dhorton/beachdog-enterprises/beachdog-networks/git/ssp/deps/mysql-connector-c++-1.1.3/CMakeFiles/CheckTypeSize/HAVE_MS_UINT8.c:23:12: note: to match this '('
/Users/dhorton/beachdog-enterprises/beachdog-networks/git/ssp/deps/mysql-connector-c++-1.1.3/CMakeFiles/CheckTypeSize/HAVE_MS_UINT8.c:17:21: note: expanded from macro 'SIZE'
#define SIZE (sizeof(unsigned __int8))
                    ^
5 errors generated.
make[1]: *** [CMakeFiles/cmTryCompileExec.dir/HAVE_MS_UINT8.c.o] Error 1
make: *** [cmTryCompileExec/fast] Error 2

/Users/dhorton/beachdog-enterprises/beachdog-networks/git/ssp/deps/mysql-connector-c++-1.1.3/CMakeFiles/CheckTypeSize/HAVE_MS_UINT8.c:
#include <sys/types.h>
#include <stdint.h>
#include <stddef.h>


#undef KEY
#if defined(__i386)
# define KEY '_','_','i','3','8','6'
#elif defined(__x86_64)
# define KEY '_','_','x','8','6','_','6','4'
#elif defined(__ppc__)
# define KEY '_','_','p','p','c','_','_'
#elif defined(__ppc64__)
# define KEY '_','_','p','p','c','6','4','_','_'
#endif

#define SIZE (sizeof(unsigned __int8))
char info_size[] =  {'I', 'N', 'F', 'O', ':', 's','i','z','e','[',
  ('0' + ((SIZE / 10000)%10)),
  ('0' + ((SIZE / 1000)%10)),
  ('0' + ((SIZE / 100)%10)),
  ('0' + ((SIZE / 10)%10)),
  ('0' +  (SIZE    % 10)),
  ']',
#ifdef KEY
  ' ','k','e','y','[', KEY, ']',
#endif
  '\0'};

#ifdef __CLASSIC_C__
int main(argc, argv) int argc; char *argv[];
#else
int main(int argc, char *argv[])
#endif
{
  int require = 0;
  require += info_size[argc];
  (void)argv;
  return require;
}


Determining size of __int16 failed with the following output:
Change Dir: /Users/dhorton/beachdog-enterprises/beachdog-networks/git/ssp/deps/mysql-connector-c++-1.1.3/CMakeFiles/CMakeTmp

Run Build Command:/usr/bin/make "cmTryCompileExec/fast"
/Applications/Xcode.app/Contents/Developer/usr/bin/make -f CMakeFiles/cmTryCompileExec.dir/build.make CMakeFiles/cmTryCompileExec.dir/build
"/Applications/CMake 2.8-5.app/Contents/bin/cmake" -E cmake_progress_report /Users/dhorton/beachdog-enterprises/beachdog-networks/git/ssp/deps/mysql-connector-c++-1.1.3/CMakeFiles/CMakeTmp/CMakeFiles 1
Building C object CMakeFiles/cmTryCompileExec.dir/HAVE_MS_INT16.c.o
/usr/bin/gcc    -o CMakeFiles/cmTryCompileExec.dir/HAVE_MS_INT16.c.o   -c /Users/dhorton/beachdog-enterprises/beachdog-networks/git/ssp/deps/mysql-connector-c++-1.1.3/CMakeFiles/CheckTypeSize/HAVE_MS_INT16.c
/Users/dhorton/beachdog-enterprises/beachdog-networks/git/ssp/deps/mysql-connector-c++-1.1.3/CMakeFiles/CheckTypeSize/HAVE_MS_INT16.c:19:12: error: use of undeclared identifier '__int16'; did you mean '__int16_t'?
  ('0' + ((SIZE / 10000)%10)),
           ^
/Users/dhorton/beachdog-enterprises/beachdog-networks/git/ssp/deps/mysql-connector-c++-1.1.3/CMakeFiles/CheckTypeSize/HAVE_MS_INT16.c:17:22: note: expanded from macro 'SIZE'
#define SIZE (sizeof(__int16))
                     ^
/Users/dhorton/beachdog-enterprises/beachdog-networks/git/ssp/deps/mysql-connector-c++-1.1.3/CMakeFiles/CheckTypeSize/HAVE_MS_INT16.c:20:12: error: use of undeclared identifier '__int16'; did you mean '__int16_t'?
  ('0' + ((SIZE / 1000)%10)),
           ^
/Users/dhorton/beachdog-enterprises/beachdog-networks/git/ssp/deps/mysql-connector-c++-1.1.3/CMakeFiles/CheckTypeSize/HAVE_MS_INT16.c:17:22: note: expanded from macro 'SIZE'
#define SIZE (sizeof(__int16))
                     ^
/Users/dhorton/beachdog-enterprises/beachdog-networks/git/ssp/deps/mysql-connector-c++-1.1.3/CMakeFiles/CheckTypeSize/HAVE_MS_INT16.c:21:12: error: use of undeclared identifier '__int16'; did you mean '__int16_t'?
  ('0' + ((SIZE / 100)%10)),
           ^
/Users/dhorton/beachdog-enterprises/beachdog-networks/git/ssp/deps/mysql-connector-c++-1.1.3/CMakeFiles/CheckTypeSize/HAVE_MS_INT16.c:17:22: note: expanded from macro 'SIZE'
#define SIZE (sizeof(__int16))
                     ^
/Users/dhorton/beachdog-enterprises/beachdog-networks/git/ssp/deps/mysql-connector-c++-1.1.3/CMakeFiles/CheckTypeSize/HAVE_MS_INT16.c:22:12: error: use of undeclared identifier '__int16'; did you mean '__int16_t'?
  ('0' + ((SIZE / 10)%10)),
           ^
/Users/dhorton/beachdog-enterprises/beachdog-networks/git/ssp/deps/mysql-connector-c++-1.1.3/CMakeFiles/CheckTypeSize/HAVE_MS_INT16.c:17:22: note: expanded from macro 'SIZE'
#define SIZE (sizeof(__int16))
                     ^
/Users/dhorton/beachdog-enterprises/beachdog-networks/git/ssp/deps/mysql-connector-c++-1.1.3/CMakeFiles/CheckTypeSize/HAVE_MS_INT16.c:23:12: error: use of undeclared identifier '__int16'; did you mean '__int16_t'?
  ('0' +  (SIZE    % 10)),
           ^
/Users/dhorton/beachdog-enterprises/beachdog-networks/git/ssp/deps/mysql-connector-c++-1.1.3/CMakeFiles/CheckTypeSize/HAVE_MS_INT16.c:17:22: note: expanded from macro 'SIZE'
#define SIZE (sizeof(__int16))
                     ^
5 errors generated.
make[1]: *** [CMakeFiles/cmTryCompileExec.dir/HAVE_MS_INT16.c.o] Error 1
make: *** [cmTryCompileExec/fast] Error 2

/Users/dhorton/beachdog-enterprises/beachdog-networks/git/ssp/deps/mysql-connector-c++-1.1.3/CMakeFiles/CheckTypeSize/HAVE_MS_INT16.c:
#include <sys/types.h>
#include <stdint.h>
#include <stddef.h>


#undef KEY
#if defined(__i386)
# define KEY '_','_','i','3','8','6'
#elif defined(__x86_64)
# define KEY '_','_','x','8','6','_','6','4'
#elif defined(__ppc__)
# define KEY '_','_','p','p','c','_','_'
#elif defined(__ppc64__)
# define KEY '_','_','p','p','c','6','4','_','_'
#endif

#define SIZE (sizeof(__int16))
char info_size[] =  {'I', 'N', 'F', 'O', ':', 's','i','z','e','[',
  ('0' + ((SIZE / 10000)%10)),
  ('0' + ((SIZE / 1000)%10)),
  ('0' + ((SIZE / 100)%10)),
  ('0' + ((SIZE / 10)%10)),
  ('0' +  (SIZE    % 10)),
  ']',
#ifdef KEY
  ' ','k','e','y','[', KEY, ']',
#endif
  '\0'};

#ifdef __CLASSIC_C__
int main(argc, argv) int argc; char *argv[];
#else
int main(int argc, char *argv[])
#endif
{
  int require = 0;
  require += info_size[argc];
  (void)argv;
  return require;
}


Determining size of unsigned __int16 failed with the following output:
Change Dir: /Users/dhorton/beachdog-enterprises/beachdog-networks/git/ssp/deps/mysql-connector-c++-1.1.3/CMakeFiles/CMakeTmp

Run Build Command:/usr/bin/make "cmTryCompileExec/fast"
/Applications/Xcode.app/Contents/Developer/usr/bin/make -f CMakeFiles/cmTryCompileExec.dir/build.make CMakeFiles/cmTryCompileExec.dir/build
"/Applications/CMake 2.8-5.app/Contents/bin/cmake" -E cmake_progress_report /Users/dhorton/beachdog-enterprises/beachdog-networks/git/ssp/deps/mysql-connector-c++-1.1.3/CMakeFiles/CMakeTmp/CMakeFiles 1
Building C object CMakeFiles/cmTryCompileExec.dir/HAVE_MS_UINT16.c.o
/usr/bin/gcc    -o CMakeFiles/cmTryCompileExec.dir/HAVE_MS_UINT16.c.o   -c /Users/dhorton/beachdog-enterprises/beachdog-networks/git/ssp/deps/mysql-connector-c++-1.1.3/CMakeFiles/CheckTypeSize/HAVE_MS_UINT16.c
/Users/dhorton/beachdog-enterprises/beachdog-networks/git/ssp/deps/mysql-connector-c++-1.1.3/CMakeFiles/CheckTypeSize/HAVE_MS_UINT16.c:19:12: error: expected ')'
  ('0' + ((SIZE / 10000)%10)),
           ^
/Users/dhorton/beachdog-enterprises/beachdog-networks/git/ssp/deps/mysql-connector-c++-1.1.3/CMakeFiles/CheckTypeSize/HAVE_MS_UINT16.c:17:31: note: expanded from macro 'SIZE'
#define SIZE (sizeof(unsigned __int16))
                              ^
/Users/dhorton/beachdog-enterprises/beachdog-networks/git/ssp/deps/mysql-connector-c++-1.1.3/CMakeFiles/CheckTypeSize/HAVE_MS_UINT16.c:19:12: note: to match this '('
/Users/dhorton/beachdog-enterprises/beachdog-networks/git/ssp/deps/mysql-connector-c++-1.1.3/CMakeFiles/CheckTypeSize/HAVE_MS_UINT16.c:17:21: note: expanded from macro 'SIZE'
#define SIZE (sizeof(unsigned __int16))
                    ^
/Users/dhorton/beachdog-enterprises/beachdog-networks/git/ssp/deps/mysql-connector-c++-1.1.3/CMakeFiles/CheckTypeSize/HAVE_MS_UINT16.c:20:12: error: expected ')'
  ('0' + ((SIZE / 1000)%10)),
           ^
/Users/dhorton/beachdog-enterprises/beachdog-networks/git/ssp/deps/mysql-connector-c++-1.1.3/CMakeFiles/CheckTypeSize/HAVE_MS_UINT16.c:17:31: note: expanded from macro 'SIZE'
#define SIZE (sizeof(unsigned __int16))
                              ^
/Users/dhorton/beachdog-enterprises/beachdog-networks/git/ssp/deps/mysql-connector-c++-1.1.3/CMakeFiles/CheckTypeSize/HAVE_MS_UINT16.c:20:12: note: to match this '('
/Users/dhorton/beachdog-enterprises/beachdog-networks/git/ssp/deps/mysql-connector-c++-1.1.3/CMakeFiles/CheckTypeSize/HAVE_MS_UINT16.c:17:21: note: expanded from macro 'SIZE'
#define SIZE (sizeof(unsigned __int16))
                    ^
/Users/dhorton/beachdog-enterprises/beachdog-networks/git/ssp/deps/mysql-connector-c++-1.1.3/CMakeFiles/CheckTypeSize/HAVE_MS_UINT16.c:21:12: error: expected ')'
  ('0' + ((SIZE / 100)%10)),
           ^
/Users/dhorton/beachdog-enterprises/beachdog-networks/git/ssp/deps/mysql-connector-c++-1.1.3/CMakeFiles/CheckTypeSize/HAVE_MS_UINT16.c:17:31: note: expanded from macro 'SIZE'
#define SIZE (sizeof(unsigned __int16))
                              ^
/Users/dhorton/beachdog-enterprises/beachdog-networks/git/ssp/deps/mysql-connector-c++-1.1.3/CMakeFiles/CheckTypeSize/HAVE_MS_UINT16.c:21:12: note: to match this '('
/Users/dhorton/beachdog-enterprises/beachdog-networks/git/ssp/deps/mysql-connector-c++-1.1.3/CMakeFiles/CheckTypeSize/HAVE_MS_UINT16.c:17:21: note: expanded from macro 'SIZE'
#define SIZE (sizeof(unsigned __int16))
                    ^
/Users/dhorton/beachdog-enterprises/beachdog-networks/git/ssp/deps/mysql-connector-c++-1.1.3/CMakeFiles/CheckTypeSize/HAVE_MS_UINT16.c:22:12: error: expected ')'
  ('0' + ((SIZE / 10)%10)),
           ^
/Users/dhorton/beachdog-enterprises/beachdog-networks/git/ssp/deps/mysql-connector-c++-1.1.3/CMakeFiles/CheckTypeSize/HAVE_MS_UINT16.c:17:31: note: expanded from macro 'SIZE'
#define SIZE (sizeof(unsigned __int16))
                              ^
/Users/dhorton/beachdog-enterprises/beachdog-networks/git/ssp/deps/mysql-connector-c++-1.1.3/CMakeFiles/CheckTypeSize/HAVE_MS_UINT16.c:22:12: note: to match this '('
/Users/dhorton/beachdog-enterprises/beachdog-networks/git/ssp/deps/mysql-connector-c++-1.1.3/CMakeFiles/CheckTypeSize/HAVE_MS_UINT16.c:17:21: note: expanded from macro 'SIZE'
#define SIZE (sizeof(unsigned __int16))
                    ^
/Users/dhorton/beachdog-enterprises/beachdog-networks/git/ssp/deps/mysql-connector-c++-1.1.3/CMakeFiles/CheckTypeSize/HAVE_MS_UINT16.c:23:12: error: expected ')'
  ('0' +  (SIZE    % 10)),
           ^
/Users/dhorton/beachdog-enterprises/beachdog-networks/git/ssp/deps/mysql-connector-c++-1.1.3/CMakeFiles/CheckTypeSize/HAVE_MS_UINT16.c:17:31: note: expanded from macro 'SIZE'
#define SIZE (sizeof(unsigned __int16))
                              ^
/Users/dhorton/beachdog-enterprises/beachdog-networks/git/ssp/deps/mysql-connector-c++-1.1.3/CMakeFiles/CheckTypeSize/HAVE_MS_UINT16.c:23:12: note: to match this '('
/Users/dhorton/beachdog-enterprises/beachdog-networks/git/ssp/deps/mysql-connector-c++-1.1.3/CMakeFiles/CheckTypeSize/HAVE_MS_UINT16.c:17:21: note: expanded from macro 'SIZE'
#define SIZE (sizeof(unsigned __int16))
                    ^
5 errors generated.
make[1]: *** [CMakeFiles/cmTryCompileExec.dir/HAVE_MS_UINT16.c.o] Error 1
make: *** [cmTryCompileExec/fast] Error 2

/Users/dhorton/beachdog-enterprises/beachdog-networks/git/ssp/deps/mysql-connector-c++-1.1.3/CMakeFiles/CheckTypeSize/HAVE_MS_UINT16.c:
#include <sys/types.h>
#include <stdint.h>
#include <stddef.h>


#undef KEY
#if defined(__i386)
# define KEY '_','_','i','3','8','6'
#elif defined(__x86_64)
# define KEY '_','_','x','8','6','_','6','4'
#elif defined(__ppc__)
# define KEY '_','_','p','p','c','_','_'
#elif defined(__ppc64__)
# define KEY '_','_','p','p','c','6','4','_','_'
#endif

#define SIZE (sizeof(unsigned __int16))
char info_size[] =  {'I', 'N', 'F', 'O', ':', 's','i','z','e','[',
  ('0' + ((SIZE / 10000)%10)),
  ('0' + ((SIZE / 1000)%10)),
  ('0' + ((SIZE / 100)%10)),
  ('0' + ((SIZE / 10)%10)),
  ('0' +  (SIZE    % 10)),
  ']',
#ifdef KEY
  ' ','k','e','y','[', KEY, ']',
#endif
  '\0'};

#ifdef __CLASSIC_C__
int main(argc, argv) int argc; char *argv[];
#else
int main(int argc, char *argv[])
#endif
{
  int require = 0;
  require += info_size[argc];
  (void)argv;
  return require;
}


Determining size of __int32 failed with the following output:
Change Dir: /Users/dhorton/beachdog-enterprises/beachdog-networks/git/ssp/deps/mysql-connector-c++-1.1.3/CMakeFiles/CMakeTmp

Run Build Command:/usr/bin/make "cmTryCompileExec/fast"
/Applications/Xcode.app/Contents/Developer/usr/bin/make -f CMakeFiles/cmTryCompileExec.dir/build.make CMakeFiles/cmTryCompileExec.dir/build
"/Applications/CMake 2.8-5.app/Contents/bin/cmake" -E cmake_progress_report /Users/dhorton/beachdog-enterprises/beachdog-networks/git/ssp/deps/mysql-connector-c++-1.1.3/CMakeFiles/CMakeTmp/CMakeFiles 1
Building C object CMakeFiles/cmTryCompileExec.dir/HAVE_MS_INT32.c.o
/usr/bin/gcc    -o CMakeFiles/cmTryCompileExec.dir/HAVE_MS_INT32.c.o   -c /Users/dhorton/beachdog-enterprises/beachdog-networks/git/ssp/deps/mysql-connector-c++-1.1.3/CMakeFiles/CheckTypeSize/HAVE_MS_INT32.c
/Users/dhorton/beachdog-enterprises/beachdog-networks/git/ssp/deps/mysql-connector-c++-1.1.3/CMakeFiles/CheckTypeSize/HAVE_MS_INT32.c:19:12: error: use of undeclared identifier '__int32'; did you mean '__int32_t'?
  ('0' + ((SIZE / 10000)%10)),
           ^
/Users/dhorton/beachdog-enterprises/beachdog-networks/git/ssp/deps/mysql-connector-c++-1.1.3/CMakeFiles/CheckTypeSize/HAVE_MS_INT32.c:17:22: note: expanded from macro 'SIZE'
#define SIZE (sizeof(__int32))
                     ^
/Users/dhorton/beachdog-enterprises/beachdog-networks/git/ssp/deps/mysql-connector-c++-1.1.3/CMakeFiles/CheckTypeSize/HAVE_MS_INT32.c:20:12: error: use of undeclared identifier '__int32'; did you mean '__int32_t'?
  ('0' + ((SIZE / 1000)%10)),
           ^
/Users/dhorton/beachdog-enterprises/beachdog-networks/git/ssp/deps/mysql-connector-c++-1.1.3/CMakeFiles/CheckTypeSize/HAVE_MS_INT32.c:17:22: note: expanded from macro 'SIZE'
#define SIZE (sizeof(__int32))
                     ^
/Users/dhorton/beachdog-enterprises/beachdog-networks/git/ssp/deps/mysql-connector-c++-1.1.3/CMakeFiles/CheckTypeSize/HAVE_MS_INT32.c:21:12: error: use of undeclared identifier '__int32'; did you mean '__int32_t'?
  ('0' + ((SIZE / 100)%10)),
           ^
/Users/dhorton/beachdog-enterprises/beachdog-networks/git/ssp/deps/mysql-connector-c++-1.1.3/CMakeFiles/CheckTypeSize/HAVE_MS_INT32.c:17:22: note: expanded from macro 'SIZE'
#define SIZE (sizeof(__int32))
                     ^
/Users/dhorton/beachdog-enterprises/beachdog-networks/git/ssp/deps/mysql-connector-c++-1.1.3/CMakeFiles/CheckTypeSize/HAVE_MS_INT32.c:22:12: error: use of undeclared identifier '__int32'; did you mean '__int32_t'?
  ('0' + ((SIZE / 10)%10)),
           ^
/Users/dhorton/beachdog-enterprises/beachdog-networks/git/ssp/deps/mysql-connector-c++-1.1.3/CMakeFiles/CheckTypeSize/HAVE_MS_INT32.c:17:22: note: expanded from macro 'SIZE'
#define SIZE (sizeof(__int32))
                     ^
/Users/dhorton/beachdog-enterprises/beachdog-networks/git/ssp/deps/mysql-connector-c++-1.1.3/CMakeFiles/CheckTypeSize/HAVE_MS_INT32.c:23:12: error: use of undeclared identifier '__int32'; did you mean '__int32_t'?
  ('0' +  (SIZE    % 10)),
           ^
/Users/dhorton/beachdog-enterprises/beachdog-networks/git/ssp/deps/mysql-connector-c++-1.1.3/CMakeFiles/CheckTypeSize/HAVE_MS_INT32.c:17:22: note: expanded from macro 'SIZE'
#define SIZE (sizeof(__int32))
                     ^
5 errors generated.
make[1]: *** [CMakeFiles/cmTryCompileExec.dir/HAVE_MS_INT32.c.o] Error 1
make: *** [cmTryCompileExec/fast] Error 2

/Users/dhorton/beachdog-enterprises/beachdog-networks/git/ssp/deps/mysql-connector-c++-1.1.3/CMakeFiles/CheckTypeSize/HAVE_MS_INT32.c:
#include <sys/types.h>
#include <stdint.h>
#include <stddef.h>


#undef KEY
#if defined(__i386)
# define KEY '_','_','i','3','8','6'
#elif defined(__x86_64)
# define KEY '_','_','x','8','6','_','6','4'
#elif defined(__ppc__)
# define KEY '_','_','p','p','c','_','_'
#elif defined(__ppc64__)
# define KEY '_','_','p','p','c','6','4','_','_'
#endif

#define SIZE (sizeof(__int32))
char info_size[] =  {'I', 'N', 'F', 'O', ':', 's','i','z','e','[',
  ('0' + ((SIZE / 10000)%10)),
  ('0' + ((SIZE / 1000)%10)),
  ('0' + ((SIZE / 100)%10)),
  ('0' + ((SIZE / 10)%10)),
  ('0' +  (SIZE    % 10)),
  ']',
#ifdef KEY
  ' ','k','e','y','[', KEY, ']',
#endif
  '\0'};

#ifdef __CLASSIC_C__
int main(argc, argv) int argc; char *argv[];
#else
int main(int argc, char *argv[])
#endif
{
  int require = 0;
  require += info_size[argc];
  (void)argv;
  return require;
}


Determining size of unsigned __int32 failed with the following output:
Change Dir: /Users/dhorton/beachdog-enterprises/beachdog-networks/git/ssp/deps/mysql-connector-c++-1.1.3/CMakeFiles/CMakeTmp

Run Build Command:/usr/bin/make "cmTryCompileExec/fast"
/Applications/Xcode.app/Contents/Developer/usr/bin/make -f CMakeFiles/cmTryCompileExec.dir/build.make CMakeFiles/cmTryCompileExec.dir/build
"/Applications/CMake 2.8-5.app/Contents/bin/cmake" -E cmake_progress_report /Users/dhorton/beachdog-enterprises/beachdog-networks/git/ssp/deps/mysql-connector-c++-1.1.3/CMakeFiles/CMakeTmp/CMakeFiles 1
Building C object CMakeFiles/cmTryCompileExec.dir/HAVE_MS_UINT32.c.o
/usr/bin/gcc    -o CMakeFiles/cmTryCompileExec.dir/HAVE_MS_UINT32.c.o   -c /Users/dhorton/beachdog-enterprises/beachdog-networks/git/ssp/deps/mysql-connector-c++-1.1.3/CMakeFiles/CheckTypeSize/HAVE_MS_UINT32.c
/Users/dhorton/beachdog-enterprises/beachdog-networks/git/ssp/deps/mysql-connector-c++-1.1.3/CMakeFiles/CheckTypeSize/HAVE_MS_UINT32.c:19:12: error: expected ')'
  ('0' + ((SIZE / 10000)%10)),
           ^
/Users/dhorton/beachdog-enterprises/beachdog-networks/git/ssp/deps/mysql-connector-c++-1.1.3/CMakeFiles/CheckTypeSize/HAVE_MS_UINT32.c:17:31: note: expanded from macro 'SIZE'
#define SIZE (sizeof(unsigned __int32))
                              ^
/Users/dhorton/beachdog-enterprises/beachdog-networks/git/ssp/deps/mysql-connector-c++-1.1.3/CMakeFiles/CheckTypeSize/HAVE_MS_UINT32.c:19:12: note: to match this '('
/Users/dhorton/beachdog-enterprises/beachdog-networks/git/ssp/deps/mysql-connector-c++-1.1.3/CMakeFiles/CheckTypeSize/HAVE_MS_UINT32.c:17:21: note: expanded from macro 'SIZE'
#define SIZE (sizeof(unsigned __int32))
                    ^
/Users/dhorton/beachdog-enterprises/beachdog-networks/git/ssp/deps/mysql-connector-c++-1.1.3/CMakeFiles/CheckTypeSize/HAVE_MS_UINT32.c:20:12: error: expected ')'
  ('0' + ((SIZE / 1000)%10)),
           ^
/Users/dhorton/beachdog-enterprises/beachdog-networks/git/ssp/deps/mysql-connector-c++-1.1.3/CMakeFiles/CheckTypeSize/HAVE_MS_UINT32.c:17:31: note: expanded from macro 'SIZE'
#define SIZE (sizeof(unsigned __int32))
                              ^
/Users/dhorton/beachdog-enterprises/beachdog-networks/git/ssp/deps/mysql-connector-c++-1.1.3/CMakeFiles/CheckTypeSize/HAVE_MS_UINT32.c:20:12: note: to match this '('
/Users/dhorton/beachdog-enterprises/beachdog-networks/git/ssp/deps/mysql-connector-c++-1.1.3/CMakeFiles/CheckTypeSize/HAVE_MS_UINT32.c:17:21: note: expanded from macro 'SIZE'
#define SIZE (sizeof(unsigned __int32))
                    ^
/Users/dhorton/beachdog-enterprises/beachdog-networks/git/ssp/deps/mysql-connector-c++-1.1.3/CMakeFiles/CheckTypeSize/HAVE_MS_UINT32.c:21:12: error: expected ')'
  ('0' + ((SIZE / 100)%10)),
           ^
/Users/dhorton/beachdog-enterprises/beachdog-networks/git/ssp/deps/mysql-connector-c++-1.1.3/CMakeFiles/CheckTypeSize/HAVE_MS_UINT32.c:17:31: note: expanded from macro 'SIZE'
#define SIZE (sizeof(unsigned __int32))
                              ^
/Users/dhorton/beachdog-enterprises/beachdog-networks/git/ssp/deps/mysql-connector-c++-1.1.3/CMakeFiles/CheckTypeSize/HAVE_MS_UINT32.c:21:12: note: to match this '('
/Users/dhorton/beachdog-enterprises/beachdog-networks/git/ssp/deps/mysql-connector-c++-1.1.3/CMakeFiles/CheckTypeSize/HAVE_MS_UINT32.c:17:21: note: expanded from macro 'SIZE'
#define SIZE (sizeof(unsigned __int32))
                    ^
/Users/dhorton/beachdog-enterprises/beachdog-networks/git/ssp/deps/mysql-connector-c++-1.1.3/CMakeFiles/CheckTypeSize/HAVE_MS_UINT32.c:22:12: error: expected ')'
  ('0' + ((SIZE / 10)%10)),
           ^
/Users/dhorton/beachdog-enterprises/beachdog-networks/git/ssp/deps/mysql-connector-c++-1.1.3/CMakeFiles/CheckTypeSize/HAVE_MS_UINT32.c:17:31: note: expanded from macro 'SIZE'
#define SIZE (sizeof(unsigned __int32))
                              ^
/Users/dhorton/beachdog-enterprises/beachdog-networks/git/ssp/deps/mysql-connector-c++-1.1.3/CMakeFiles/CheckTypeSize/HAVE_MS_UINT32.c:22:12: note: to match this '('
/Users/dhorton/beachdog-enterprises/beachdog-networks/git/ssp/deps/mysql-connector-c++-1.1.3/CMakeFiles/CheckTypeSize/HAVE_MS_UINT32.c:17:21: note: expanded from macro 'SIZE'
#define SIZE (sizeof(unsigned __int32))
                    ^
/Users/dhorton/beachdog-enterprises/beachdog-networks/git/ssp/deps/mysql-connector-c++-1.1.3/CMakeFiles/CheckTypeSize/HAVE_MS_UINT32.c:23:12: error: expected ')'
  ('0' +  (SIZE    % 10)),
           ^
/Users/dhorton/beachdog-enterprises/beachdog-networks/git/ssp/deps/mysql-connector-c++-1.1.3/CMakeFiles/CheckTypeSize/HAVE_MS_UINT32.c:17:31: note: expanded from macro 'SIZE'
#define SIZE (sizeof(unsigned __int32))
                              ^
/Users/dhorton/beachdog-enterprises/beachdog-networks/git/ssp/deps/mysql-connector-c++-1.1.3/CMakeFiles/CheckTypeSize/HAVE_MS_UINT32.c:23:12: note: to match this '('
/Users/dhorton/beachdog-enterprises/beachdog-networks/git/ssp/deps/mysql-connector-c++-1.1.3/CMakeFiles/CheckTypeSize/HAVE_MS_UINT32.c:17:21: note: expanded from macro 'SIZE'
#define SIZE (sizeof(unsigned __int32))
                    ^
5 errors generated.
make[1]: *** [CMakeFiles/cmTryCompileExec.dir/HAVE_MS_UINT32.c.o] Error 1
make: *** [cmTryCompileExec/fast] Error 2

/Users/dhorton/beachdog-enterprises/beachdog-networks/git/ssp/deps/mysql-connector-c++-1.1.3/CMakeFiles/CheckTypeSize/HAVE_MS_UINT32.c:
#include <sys/types.h>
#include <stdint.h>
#include <stddef.h>


#undef KEY
#if defined(__i386)
# define KEY '_','_','i','3','8','6'
#elif defined(__x86_64)
# define KEY '_','_','x','8','6','_','6','4'
#elif defined(__ppc__)
# define KEY '_','_','p','p','c','_','_'
#elif defined(__ppc64__)
# define KEY '_','_','p','p','c','6','4','_','_'
#endif

#define SIZE (sizeof(unsigned __int32))
char info_size[] =  {'I', 'N', 'F', 'O', ':', 's','i','z','e','[',
  ('0' + ((SIZE / 10000)%10)),
  ('0' + ((SIZE / 1000)%10)),
  ('0' + ((SIZE / 100)%10)),
  ('0' + ((SIZE / 10)%10)),
  ('0' +  (SIZE    % 10)),
  ']',
#ifdef KEY
  ' ','k','e','y','[', KEY, ']',
#endif
  '\0'};

#ifdef __CLASSIC_C__
int main(argc, argv) int argc; char *argv[];
#else
int main(int argc, char *argv[])
#endif
{
  int require = 0;
  require += info_size[argc];
  (void)argv;
  return require;
}


Determining size of __int64 failed with the following output:
Change Dir: /Users/dhorton/beachdog-enterprises/beachdog-networks/git/ssp/deps/mysql-connector-c++-1.1.3/CMakeFiles/CMakeTmp

Run Build Command:/usr/bin/make "cmTryCompileExec/fast"
/Applications/Xcode.app/Contents/Developer/usr/bin/make -f CMakeFiles/cmTryCompileExec.dir/build.make CMakeFiles/cmTryCompileExec.dir/build
"/Applications/CMake 2.8-5.app/Contents/bin/cmake" -E cmake_progress_report /Users/dhorton/beachdog-enterprises/beachdog-networks/git/ssp/deps/mysql-connector-c++-1.1.3/CMakeFiles/CMakeTmp/CMakeFiles 1
Building C object CMakeFiles/cmTryCompileExec.dir/HAVE_MS_INT64.c.o
/usr/bin/gcc    -o CMakeFiles/cmTryCompileExec.dir/HAVE_MS_INT64.c.o   -c /Users/dhorton/beachdog-enterprises/beachdog-networks/git/ssp/deps/mysql-connector-c++-1.1.3/CMakeFiles/CheckTypeSize/HAVE_MS_INT64.c
/Users/dhorton/beachdog-enterprises/beachdog-networks/git/ssp/deps/mysql-connector-c++-1.1.3/CMakeFiles/CheckTypeSize/HAVE_MS_INT64.c:19:12: error: use of undeclared identifier '__int64'; did you mean '__int64_t'?
  ('0' + ((SIZE / 10000)%10)),
           ^
/Users/dhorton/beachdog-enterprises/beachdog-networks/git/ssp/deps/mysql-connector-c++-1.1.3/CMakeFiles/CheckTypeSize/HAVE_MS_INT64.c:17:22: note: expanded from macro 'SIZE'
#define SIZE (sizeof(__int64))
                     ^
/Users/dhorton/beachdog-enterprises/beachdog-networks/git/ssp/deps/mysql-connector-c++-1.1.3/CMakeFiles/CheckTypeSize/HAVE_MS_INT64.c:20:12: error: use of undeclared identifier '__int64'; did you mean '__int64_t'?
  ('0' + ((SIZE / 1000)%10)),
           ^
/Users/dhorton/beachdog-enterprises/beachdog-networks/git/ssp/deps/mysql-connector-c++-1.1.3/CMakeFiles/CheckTypeSize/HAVE_MS_INT64.c:17:22: note: expanded from macro 'SIZE'
#define SIZE (sizeof(__int64))
                     ^
/Users/dhorton/beachdog-enterprises/beachdog-networks/git/ssp/deps/mysql-connector-c++-1.1.3/CMakeFiles/CheckTypeSize/HAVE_MS_INT64.c:21:12: error: use of undeclared identifier '__int64'; did you mean '__int64_t'?
  ('0' + ((SIZE / 100)%10)),
           ^
/Users/dhorton/beachdog-enterprises/beachdog-networks/git/ssp/deps/mysql-connector-c++-1.1.3/CMakeFiles/CheckTypeSize/HAVE_MS_INT64.c:17:22: note: expanded from macro 'SIZE'
#define SIZE (sizeof(__int64))
                     ^
/Users/dhorton/beachdog-enterprises/beachdog-networks/git/ssp/deps/mysql-connector-c++-1.1.3/CMakeFiles/CheckTypeSize/HAVE_MS_INT64.c:22:12: error: use of undeclared identifier '__int64'; did you mean '__int64_t'?
  ('0' + ((SIZE / 10)%10)),
           ^
/Users/dhorton/beachdog-enterprises/beachdog-networks/git/ssp/deps/mysql-connector-c++-1.1.3/CMakeFiles/CheckTypeSize/HAVE_MS_INT64.c:17:22: note: expanded from macro 'SIZE'
#define SIZE (sizeof(__int64))
                     ^
/Users/dhorton/beachdog-enterprises/beachdog-networks/git/ssp/deps/mysql-connector-c++-1.1.3/CMakeFiles/CheckTypeSize/HAVE_MS_INT64.c:23:12: error: use of undeclared identifier '__int64'; did you mean '__int64_t'?
  ('0' +  (SIZE    % 10)),
           ^
/Users/dhorton/beachdog-enterprises/beachdog-networks/git/ssp/deps/mysql-connector-c++-1.1.3/CMakeFiles/CheckTypeSize/HAVE_MS_INT64.c:17:22: note: expanded from macro 'SIZE'
#define SIZE (sizeof(__int64))
                     ^
5 errors generated.
make[1]: *** [CMakeFiles/cmTryCompileExec.dir/HAVE_MS_INT64.c.o] Error 1
make: *** [cmTryCompileExec/fast] Error 2

/Users/dhorton/beachdog-enterprises/beachdog-networks/git/ssp/deps/mysql-connector-c++-1.1.3/CMakeFiles/CheckTypeSize/HAVE_MS_INT64.c:
#include <sys/types.h>
#include <stdint.h>
#include <stddef.h>


#undef KEY
#if defined(__i386)
# define KEY '_','_','i','3','8','6'
#elif defined(__x86_64)
# define KEY '_','_','x','8','6','_','6','4'
#elif defined(__ppc__)
# define KEY '_','_','p','p','c','_','_'
#elif defined(__ppc64__)
# define KEY '_','_','p','p','c','6','4','_','_'
#endif

#define SIZE (sizeof(__int64))
char info_size[] =  {'I', 'N', 'F', 'O', ':', 's','i','z','e','[',
  ('0' + ((SIZE / 10000)%10)),
  ('0' + ((SIZE / 1000)%10)),
  ('0' + ((SIZE / 100)%10)),
  ('0' + ((SIZE / 10)%10)),
  ('0' +  (SIZE    % 10)),
  ']',
#ifdef KEY
  ' ','k','e','y','[', KEY, ']',
#endif
  '\0'};

#ifdef __CLASSIC_C__
int main(argc, argv) int argc; char *argv[];
#else
int main(int argc, char *argv[])
#endif
{
  int require = 0;
  require += info_size[argc];
  (void)argv;
  return require;
}


Determining size of unsigned __int64 failed with the following output:
Change Dir: /Users/dhorton/beachdog-enterprises/beachdog-networks/git/ssp/deps/mysql-connector-c++-1.1.3/CMakeFiles/CMakeTmp

Run Build Command:/usr/bin/make "cmTryCompileExec/fast"
/Applications/Xcode.app/Contents/Developer/usr/bin/make -f CMakeFiles/cmTryCompileExec.dir/build.make CMakeFiles/cmTryCompileExec.dir/build
"/Applications/CMake 2.8-5.app/Contents/bin/cmake" -E cmake_progress_report /Users/dhorton/beachdog-enterprises/beachdog-networks/git/ssp/deps/mysql-connector-c++-1.1.3/CMakeFiles/CMakeTmp/CMakeFiles 1
Building C object CMakeFiles/cmTryCompileExec.dir/HAVE_MS_UINT64.c.o
/usr/bin/gcc    -o CMakeFiles/cmTryCompileExec.dir/HAVE_MS_UINT64.c.o   -c /Users/dhorton/beachdog-enterprises/beachdog-networks/git/ssp/deps/mysql-connector-c++-1.1.3/CMakeFiles/CheckTypeSize/HAVE_MS_UINT64.c
/Users/dhorton/beachdog-enterprises/beachdog-networks/git/ssp/deps/mysql-connector-c++-1.1.3/CMakeFiles/CheckTypeSize/HAVE_MS_UINT64.c:19:12: error: expected ')'
  ('0' + ((SIZE / 10000)%10)),
           ^
/Users/dhorton/beachdog-enterprises/beachdog-networks/git/ssp/deps/mysql-connector-c++-1.1.3/CMakeFiles/CheckTypeSize/HAVE_MS_UINT64.c:17:31: note: expanded from macro 'SIZE'
#define SIZE (sizeof(unsigned __int64))
                              ^
/Users/dhorton/beachdog-enterprises/beachdog-networks/git/ssp/deps/mysql-connector-c++-1.1.3/CMakeFiles/CheckTypeSize/HAVE_MS_UINT64.c:19:12: note: to match this '('
/Users/dhorton/beachdog-enterprises/beachdog-networks/git/ssp/deps/mysql-connector-c++-1.1.3/CMakeFiles/CheckTypeSize/HAVE_MS_UINT64.c:17:21: note: expanded from macro 'SIZE'
#define SIZE (sizeof(unsigned __int64))
                    ^
/Users/dhorton/beachdog-enterprises/beachdog-networks/git/ssp/deps/mysql-connector-c++-1.1.3/CMakeFiles/CheckTypeSize/HAVE_MS_UINT64.c:20:12: error: expected ')'
  ('0' + ((SIZE / 1000)%10)),
           ^
/Users/dhorton/beachdog-enterprises/beachdog-networks/git/ssp/deps/mysql-connector-c++-1.1.3/CMakeFiles/CheckTypeSize/HAVE_MS_UINT64.c:17:31: note: expanded from macro 'SIZE'
#define SIZE (sizeof(unsigned __int64))
                              ^
/Users/dhorton/beachdog-enterprises/beachdog-networks/git/ssp/deps/mysql-connector-c++-1.1.3/CMakeFiles/CheckTypeSize/HAVE_MS_UINT64.c:20:12: note: to match this '('
/Users/dhorton/beachdog-enterprises/beachdog-networks/git/ssp/deps/mysql-connector-c++-1.1.3/CMakeFiles/CheckTypeSize/HAVE_MS_UINT64.c:17:21: note: expanded from macro 'SIZE'
#define SIZE (sizeof(unsigned __int64))
                    ^
/Users/dhorton/beachdog-enterprises/beachdog-networks/git/ssp/deps/mysql-connector-c++-1.1.3/CMakeFiles/CheckTypeSize/HAVE_MS_UINT64.c:21:12: error: expected ')'
  ('0' + ((SIZE / 100)%10)),
           ^
/Users/dhorton/beachdog-enterprises/beachdog-networks/git/ssp/deps/mysql-connector-c++-1.1.3/CMakeFiles/CheckTypeSize/HAVE_MS_UINT64.c:17:31: note: expanded from macro 'SIZE'
#define SIZE (sizeof(unsigned __int64))
                              ^
/Users/dhorton/beachdog-enterprises/beachdog-networks/git/ssp/deps/mysql-connector-c++-1.1.3/CMakeFiles/CheckTypeSize/HAVE_MS_UINT64.c:21:12: note: to match this '('
/Users/dhorton/beachdog-enterprises/beachdog-networks/git/ssp/deps/mysql-connector-c++-1.1.3/CMakeFiles/CheckTypeSize/HAVE_MS_UINT64.c:17:21: note: expanded from macro 'SIZE'
#define SIZE (sizeof(unsigned __int64))
                    ^
/Users/dhorton/beachdog-enterprises/beachdog-networks/git/ssp/deps/mysql-connector-c++-1.1.3/CMakeFiles/CheckTypeSize/HAVE_MS_UINT64.c:22:12: error: expected ')'
  ('0' + ((SIZE / 10)%10)),
           ^
/Users/dhorton/beachdog-enterprises/beachdog-networks/git/ssp/deps/mysql-connector-c++-1.1.3/CMakeFiles/CheckTypeSize/HAVE_MS_UINT64.c:17:31: note: expanded from macro 'SIZE'
#define SIZE (sizeof(unsigned __int64))
                              ^
/Users/dhorton/beachdog-enterprises/beachdog-networks/git/ssp/deps/mysql-connector-c++-1.1.3/CMakeFiles/CheckTypeSize/HAVE_MS_UINT64.c:22:12: note: to match this '('
/Users/dhorton/beachdog-enterprises/beachdog-networks/git/ssp/deps/mysql-connector-c++-1.1.3/CMakeFiles/CheckTypeSize/HAVE_MS_UINT64.c:17:21: note: expanded from macro 'SIZE'
#define SIZE (sizeof(unsigned __int64))
                    ^
/Users/dhorton/beachdog-enterprises/beachdog-networks/git/ssp/deps/mysql-connector-c++-1.1.3/CMakeFiles/CheckTypeSize/HAVE_MS_UINT64.c:23:12: error: expected ')'
  ('0' +  (SIZE    % 10)),
           ^
/Users/dhorton/beachdog-enterprises/beachdog-networks/git/ssp/deps/mysql-connector-c++-1.1.3/CMakeFiles/CheckTypeSize/HAVE_MS_UINT64.c:17:31: note: expanded from macro 'SIZE'
#define SIZE (sizeof(unsigned __int64))
                              ^
/Users/dhorton/beachdog-enterprises/beachdog-networks/git/ssp/deps/mysql-connector-c++-1.1.3/CMakeFiles/CheckTypeSize/HAVE_MS_UINT64.c:23:12: note: to match this '('
/Users/dhorton/beachdog-enterprises/beachdog-networks/git/ssp/deps/mysql-connector-c++-1.1.3/CMakeFiles/CheckTypeSize/HAVE_MS_UINT64.c:17:21: note: expanded from macro 'SIZE'
#define SIZE (sizeof(unsigned __int64))
                    ^
5 errors generated.
make[1]: *** [CMakeFiles/cmTryCompileExec.dir/HAVE_MS_UINT64.c.o] Error 1
make: *** [cmTryCompileExec/fast] Error 2

/Users/dhorton/beachdog-enterprises/beachdog-networks/git/ssp/deps/mysql-connector-c++-1.1.3/CMakeFiles/CheckTypeSize/HAVE_MS_UINT64.c:
#include <sys/types.h>
#include <stdint.h>
#include <stddef.h>


#undef KEY
#if defined(__i386)
# define KEY '_','_','i','3','8','6'
#elif defined(__x86_64)
# define KEY '_','_','x','8','6','_','6','4'
#elif defined(__ppc__)
# define KEY '_','_','p','p','c','_','_'
#elif defined(__ppc64__)
# define KEY '_','_','p','p','c','6','4','_','_'
#endif

#define SIZE (sizeof(unsigned __int64))
char info_size[] =  {'I', 'N', 'F', 'O', ':', 's','i','z','e','[',
  ('0' + ((SIZE / 10000)%10)),
  ('0' + ((SIZE / 1000)%10)),
  ('0' + ((SIZE / 100)%10)),
  ('0' + ((SIZE / 10)%10)),
  ('0' +  (SIZE    % 10)),
  ']',
#ifdef KEY
  ' ','k','e','y','[', KEY, ']',
#endif
  '\0'};

#ifdef __CLASSIC_C__
int main(argc, argv) int argc; char *argv[];
#else
int main(int argc, char *argv[])
#endif
{
  int require = 0;
  require += info_size[argc];
  (void)argv;
  return require;
}


